set. 03, 2025 9:46:46 PM liquibase.changelog
INFO: Reading resource: db/changelog/migrations/db.changelog-202509022129.sql
set. 03, 2025 9:46:46 PM liquibase.changelog
INFO: Reading from board.databasechangelog
set. 03, 2025 9:46:46 PM liquibase.changelog
INFO: Reading resource: db/changelog/migrations/db.changelog-202509022148.sql
set. 03, 2025 9:46:46 PM liquibase.changelog
INFO: Reading resource: db/changelog/migrations/db.changelog-202509030057.sql
set. 03, 2025 9:46:46 PM liquibase.changelog
INFO: Reading resource: db/changelog/migrations/db.changelog-202509030100.sql
Database is up to date, no changesets to execute
set. 03, 2025 9:46:46 PM liquibase.changelog
INFO: Reading from board.databasechangelog

UPDATE SUMMARY
Run:                          0
Previously run:               4
Filtered out:                 0
-------------------------------
Total change sets:            4

set. 03, 2025 9:46:46 PM liquibase.util
INFO: UPDATE SUMMARY
set. 03, 2025 9:46:46 PM liquibase.util
INFO: Run:                          0
set. 03, 2025 9:46:46 PM liquibase.util
INFO: Previously run:               4
set. 03, 2025 9:46:46 PM liquibase.util
INFO: Filtered out:                 0
set. 03, 2025 9:46:46 PM liquibase.util
INFO: -------------------------------
set. 03, 2025 9:46:46 PM liquibase.util
INFO: Total change sets:            4
set. 03, 2025 9:46:46 PM liquibase.util
INFO: Update summary generated
set. 03, 2025 9:46:46 PM liquibase.command
INFO: Command execution complete
